<?xml version="1.0" encoding="UTF-8"?>
<!-- Generated by org.testng.reporters.JUnitXMLReporter -->
<testsuite ignored="0" hostname="EQPL0210P13" failures="0" tests="3" name="Default test" time="9.245" errors="0" timestamp="2025-10-26T12:12:33 IST">
  <testcase classname="tests.RegisterTest" name="fillRegistrationForm" time="2.375"/>
  <testcase classname="tests.RegisterTest" name="fillRegistrationForm" time="1.599"/>
  <testcase classname="tests.RegisterTest" name="fillRegistrationForm" time="1.453"/>
</testsuite> <!-- Default test -->
