<?xml version="1.0" encoding="UTF-8"?>
<testng-results ignored="0" total="2" passed="2" failed="0" skipped="0">
  <reporter-output>
  </reporter-output>
  <suite started-at="2025-10-26T11:15:06 IST" name="Surefire suite" finished-at="2025-10-26T11:15:11 IST" duration-ms="4698">
    <groups>
    </groups>
    <test started-at="2025-10-26T11:15:06 IST" name="Surefire test" finished-at="2025-10-26T11:15:11 IST" duration-ms="4698">
      <class name="tests.RegisterTest">
        <test-method is-config="true" signature="setup()[pri:0, instance:tests.RegisterTest@5a63f509]" started-at="2025-10-26T11:15:06 IST" name="setup" finished-at="2025-10-26T11:15:09 IST" duration-ms="2984" status="PASS">
          <reporter-output>
          </reporter-output>
        </test-method> <!-- setup -->
        <test-method signature="fillRegistrationForm()[pri:0, instance:tests.RegisterTest@5a63f509]" started-at="2025-10-26T11:15:09 IST" name="fillRegistrationForm" finished-at="2025-10-26T11:15:10 IST" duration-ms="780" status="PASS">
          <reporter-output>
          </reporter-output>
        </test-method> <!-- fillRegistrationForm -->
        <test-method signature="fillRegistrationForm1()[pri:0, instance:tests.RegisterTest@5a63f509]" started-at="2025-10-26T11:15:10 IST" name="fillRegistrationForm1" finished-at="2025-10-26T11:15:10 IST" duration-ms="493" status="PASS">
          <reporter-output>
          </reporter-output>
        </test-method> <!-- fillRegistrationForm1 -->
        <test-method is-config="true" signature="tearDown()[pri:0, instance:tests.RegisterTest@5a63f509]" started-at="2025-10-26T11:15:10 IST" name="tearDown" finished-at="2025-10-26T11:15:11 IST" duration-ms="396" status="PASS">
          <reporter-output>
          </reporter-output>
        </test-method> <!-- tearDown -->
      </class> <!-- tests.RegisterTest -->
    </test> <!-- Surefire test -->
  </suite> <!-- Surefire suite -->
</testng-results>
