<?xml version="1.0" encoding="UTF-8"?>
<testng-results ignored="0" total="3" passed="3" failed="0" skipped="0">
  <reporter-output>
  </reporter-output>
  <suite started-at="2025-10-26T12:12:24 IST" name="Default suite" finished-at="2025-10-26T12:12:33 IST" duration-ms="9245">
    <groups>
    </groups>
    <test started-at="2025-10-26T12:12:24 IST" name="Default test" finished-at="2025-10-26T12:12:33 IST" duration-ms="9245">
      <class name="tests.RegisterTest">
        <test-method is-config="true" signature="startReport()[pri:0, instance:tests.RegisterTest@b2c9a9c]" started-at="2025-10-26T12:12:24 IST" name="startReport" finished-at="2025-10-26T12:12:24 IST" duration-ms="368" status="PASS">
          <reporter-output>
          </reporter-output>
        </test-method> <!-- startReport -->
        <test-method is-config="true" signature="setUp(java.lang.reflect.Method)[pri:0, instance:tests.RegisterTest@b2c9a9c]" started-at="2025-10-26T12:12:24 IST" name="setUp" finished-at="2025-10-26T12:12:26 IST" duration-ms="1729" status="PASS">
          <params>
            <param index="0">
              <value>
                <![CDATA[public void tests.RegisterTest.fillRegistrationForm(java.lang.String,java.lang.String,java.lang.String,java.lang.String,java.lang.String)]]>
              </value>
            </param>
          </params>
          <reporter-output>
          </reporter-output>
        </test-method> <!-- setUp -->
        <test-method signature="fillRegistrationForm(java.lang.String,java.lang.String,java.lang.String,java.lang.String,java.lang.String)[pri:0, instance:tests.RegisterTest@b2c9a9c]" started-at="2025-10-26T12:12:26 IST" name="fillRegistrationForm" data-provider="registrationData" finished-at="2025-10-26T12:12:28 IST" duration-ms="2375" status="PASS">
          <params>
            <param index="0">
              <value>
                <![CDATA[Ram]]>
              </value>
            </param>
            <param index="1">
              <value>
                <![CDATA[Marshivane]]>
              </value>
            </param>
            <param index="2">
              <value>
                <![CDATA[123 Street, Pune]]>
              </value>
            </param>
            <param index="3">
              <value>
                <![CDATA[ram@example.com]]>
              </value>
            </param>
            <param index="4">
              <value>
                <![CDATA[9876543210]]>
              </value>
            </param>
          </params>
          <reporter-output>
          </reporter-output>
        </test-method> <!-- fillRegistrationForm -->
        <test-method is-config="true" signature="tearDown(org.testng.ITestResult)[pri:0, instance:tests.RegisterTest@b2c9a9c]" started-at="2025-10-26T12:12:28 IST" name="tearDown" finished-at="2025-10-26T12:12:28 IST" duration-ms="174" status="PASS">
          <params>
            <param index="0">
              <value>
                <![CDATA[[TestResult name=fillRegistrationForm status=SUCCESS method=RegisterTest.fillRegistrationForm(java.lang.String,java.lang.String,java.lang.String,java.lang.String,java.lang.String)[pri:0, instance:tests.RegisterTest@b2c9a9c] output={null}]]]>
              </value>
            </param>
          </params>
          <reporter-output>
          </reporter-output>
        </test-method> <!-- tearDown -->
        <test-method is-config="true" signature="setUp(java.lang.reflect.Method)[pri:0, instance:tests.RegisterTest@b2c9a9c]" started-at="2025-10-26T12:12:28 IST" name="setUp" finished-at="2025-10-26T12:12:29 IST" duration-ms="805" status="PASS">
          <params>
            <param index="0">
              <value>
                <![CDATA[public void tests.RegisterTest.fillRegistrationForm(java.lang.String,java.lang.String,java.lang.String,java.lang.String,java.lang.String)]]>
              </value>
            </param>
          </params>
          <reporter-output>
          </reporter-output>
        </test-method> <!-- setUp -->
        <test-method signature="fillRegistrationForm(java.lang.String,java.lang.String,java.lang.String,java.lang.String,java.lang.String)[pri:0, instance:tests.RegisterTest@b2c9a9c]" started-at="2025-10-26T12:12:29 IST" name="fillRegistrationForm" data-provider="registrationData" finished-at="2025-10-26T12:12:31 IST" duration-ms="1599" status="PASS">
          <params>
            <param index="0">
              <value>
                <![CDATA[Sita]]>
              </value>
            </param>
            <param index="1">
              <value>
                <![CDATA[Verma]]>
              </value>
            </param>
            <param index="2">
              <value>
                <![CDATA[456 Lane, Mumbai]]>
              </value>
            </param>
            <param index="3">
              <value>
                <![CDATA[sita@example.com]]>
              </value>
            </param>
            <param index="4">
              <value>
                <![CDATA[9123456789]]>
              </value>
            </param>
          </params>
          <reporter-output>
          </reporter-output>
        </test-method> <!-- fillRegistrationForm -->
        <test-method is-config="true" signature="tearDown(org.testng.ITestResult)[pri:0, instance:tests.RegisterTest@b2c9a9c]" started-at="2025-10-26T12:12:31 IST" name="tearDown" finished-at="2025-10-26T12:12:31 IST" duration-ms="132" status="PASS">
          <params>
            <param index="0">
              <value>
                <![CDATA[[TestResult name=fillRegistrationForm status=SUCCESS method=RegisterTest.fillRegistrationForm(java.lang.String,java.lang.String,java.lang.String,java.lang.String,java.lang.String)[pri:0, instance:tests.RegisterTest@b2c9a9c] output={null}]]]>
              </value>
            </param>
          </params>
          <reporter-output>
          </reporter-output>
        </test-method> <!-- tearDown -->
        <test-method is-config="true" signature="setUp(java.lang.reflect.Method)[pri:0, instance:tests.RegisterTest@b2c9a9c]" started-at="2025-10-26T12:12:31 IST" name="setUp" finished-at="2025-10-26T12:12:32 IST" duration-ms="781" status="PASS">
          <params>
            <param index="0">
              <value>
                <![CDATA[public void tests.RegisterTest.fillRegistrationForm(java.lang.String,java.lang.String,java.lang.String,java.lang.String,java.lang.String)]]>
              </value>
            </param>
          </params>
          <reporter-output>
          </reporter-output>
        </test-method> <!-- setUp -->
        <test-method signature="fillRegistrationForm(java.lang.String,java.lang.String,java.lang.String,java.lang.String,java.lang.String)[pri:0, instance:tests.RegisterTest@b2c9a9c]" started-at="2025-10-26T12:12:32 IST" name="fillRegistrationForm" data-provider="registrationData" finished-at="2025-10-26T12:12:33 IST" duration-ms="1453" status="PASS">
          <params>
            <param index="0">
              <value>
                <![CDATA[Lakshman]]>
              </value>
            </param>
            <param index="1">
              <value>
                <![CDATA[Sharma]]>
              </value>
            </param>
            <param index="2">
              <value>
                <![CDATA[789 Road, Delhi]]>
              </value>
            </param>
            <param index="3">
              <value>
                <![CDATA[lakshman@example.com]]>
              </value>
            </param>
            <param index="4">
              <value>
                <![CDATA[9988776655]]>
              </value>
            </param>
          </params>
          <reporter-output>
          </reporter-output>
        </test-method> <!-- fillRegistrationForm -->
        <test-method is-config="true" signature="tearDown(org.testng.ITestResult)[pri:0, instance:tests.RegisterTest@b2c9a9c]" started-at="2025-10-26T12:12:33 IST" name="tearDown" finished-at="2025-10-26T12:12:33 IST" duration-ms="146" status="PASS">
          <params>
            <param index="0">
              <value>
                <![CDATA[[TestResult name=fillRegistrationForm status=SUCCESS method=RegisterTest.fillRegistrationForm(java.lang.String,java.lang.String,java.lang.String,java.lang.String,java.lang.String)[pri:0, instance:tests.RegisterTest@b2c9a9c] output={null}]]]>
              </value>
            </param>
          </params>
          <reporter-output>
          </reporter-output>
        </test-method> <!-- tearDown -->
        <test-method is-config="true" signature="flushReport()[pri:0, instance:tests.RegisterTest@b2c9a9c]" started-at="2025-10-26T12:12:33 IST" name="flushReport" finished-at="2025-10-26T12:12:34 IST" duration-ms="232" status="PASS">
          <reporter-output>
          </reporter-output>
        </test-method> <!-- flushReport -->
      </class> <!-- tests.RegisterTest -->
    </test> <!-- Default test -->
  </suite> <!-- Default suite -->
</testng-results>
